[33mWARNING[0m:  [08-02-2024 14:52:51] chroma_server_nofile is set to 65535, but this is less than current soft limit of 1048576. chroma_server_nofile will not be set.
[32mINFO[0m:     [08-02-2024 14:52:51] Anonymized telemetry enabled. See                     https://docs.trychroma.com/telemetry for more information.
[36mDEBUG[0m:    [08-02-2024 14:52:51] Starting component System
[36mDEBUG[0m:    [08-02-2024 14:52:51] Starting component OpenTelemetryClient
[36mDEBUG[0m:    [08-02-2024 14:52:51] Starting component SimpleAssignmentPolicy
[36mDEBUG[0m:    [08-02-2024 14:52:51] Starting component SqliteDB
[36mDEBUG[0m:    [08-02-2024 14:52:51] Starting component Posthog
[36mDEBUG[0m:    [08-02-2024 14:52:51] Starting component LocalSegmentManager
[36mDEBUG[0m:    [08-02-2024 14:52:51] Starting component SegmentAPI
[32mINFO[0m:     [08-02-2024 14:52:51] Started server process [[36m171945[0m]
[32mINFO[0m:     [08-02-2024 14:52:51] Waiting for application startup.
[32mINFO[0m:     [08-02-2024 14:52:51] Application startup complete.
[32mINFO[0m:     [08-02-2024 14:52:51] Uvicorn running on [1mhttp://localhost:8001[0m (Press CTRL+C to quit)
[32mINFO[0m:     [08-02-2024 14:52:53] 127.0.0.1:41366 - "GET /api/v1/collections HTTP/1.1" 200
[32mINFO[0m:     [08-02-2024 14:55:42] 127.0.0.1:33336 - "GET /api/v1/collections HTTP/1.1" 200
[32mINFO[0m:     [08-02-2024 15:40:01] Shutting down
[32mINFO[0m:     [08-02-2024 15:40:01] Waiting for application shutdown.
[32mINFO[0m:     [08-02-2024 15:40:01] Application shutdown complete.
[32mINFO[0m:     [08-02-2024 15:40:01] Finished server process [[36m171945[0m]
[33mWARNING[0m:  [08-02-2024 15:40:06] chroma_server_nofile is set to 65535, but this is less than current soft limit of 1048576. chroma_server_nofile will not be set.
[32mINFO[0m:     [08-02-2024 15:40:06] Anonymized telemetry enabled. See                     https://docs.trychroma.com/telemetry for more information.
[36mDEBUG[0m:    [08-02-2024 15:40:06] Starting component System
[36mDEBUG[0m:    [08-02-2024 15:40:06] Starting component OpenTelemetryClient
[36mDEBUG[0m:    [08-02-2024 15:40:06] Starting component SimpleAssignmentPolicy
[36mDEBUG[0m:    [08-02-2024 15:40:06] Starting component SqliteDB
[36mDEBUG[0m:    [08-02-2024 15:40:06] Starting component Posthog
[36mDEBUG[0m:    [08-02-2024 15:40:06] Starting component LocalSegmentManager
[36mDEBUG[0m:    [08-02-2024 15:40:06] Starting component SegmentAPI
[32mINFO[0m:     [08-02-2024 15:40:06] Started server process [[36m206845[0m]
[32mINFO[0m:     [08-02-2024 15:40:06] Waiting for application startup.
[32mINFO[0m:     [08-02-2024 15:40:06] Application startup complete.
[32mINFO[0m:     [08-02-2024 15:40:06] Uvicorn running on [1mhttp://localhost:8001[0m (Press CTRL+C to quit)
[32mINFO[0m:     [08-02-2024 15:40:08] 127.0.0.1:34580 - "GET /api/v1/collections HTTP/1.1" 200
